<?xml version="1.0" encoding="UTF-8"?>
<!-- Generated by org.testng.reporters.JUnitReportReporter -->
<testsuite hostname="DESKTOP-98NDVE8" failures="0" tests="1" name="com.UDU.BTM.CreateCustomer" time="0.004" errors="0" timestamp="2023-01-28T16:41:40 IST" skipped="0">
  <testcase classname="com.UDU.BTM.CreateCustomer" name="createTest1" time="0.004"/>
  <system-out/>
</testsuite> <!-- com.UDU.BTM.CreateCustomer -->
